0 info it worked if it ends with ok
1 verbose cli [ '/usr/local/bin/node', '/usr/local/bin/npm', 'publish' ]
2 info using npm@3.8.6
3 info using node@v6.0.0
4 verbose publish [ '.' ]
5 silly cache add args [ '.', null ]
6 verbose cache add spec .
7 silly cache add parsed spec Result {
7 silly cache add   raw: '.',
7 silly cache add   scope: null,
7 silly cache add   name: null,
7 silly cache add   rawSpec: '.',
7 silly cache add   spec: '/Users/m/workspace/dropline',
7 silly cache add   type: 'directory' }
8 verbose addLocalDirectory /Users/m/.npm/dropline/0.1.1/package.tgz not in flight; packing
9 verbose correctMkdir /Users/m/.npm correctMkdir not in flight; initializing
10 info lifecycle dropline@0.1.1~prepublish: dropline@0.1.1
11 silly lifecycle dropline@0.1.1~prepublish: no script for prepublish, continuing
12 verbose tar pack [ '/Users/m/.npm/dropline/0.1.1/package.tgz',
12 verbose tar pack   '/Users/m/workspace/dropline' ]
13 verbose tarball /Users/m/.npm/dropline/0.1.1/package.tgz
14 verbose folder /Users/m/workspace/dropline
15 verbose addLocalTarball adding from inside cache /Users/m/.npm/dropline/0.1.1/package.tgz
16 verbose correctMkdir /Users/m/.npm correctMkdir not in flight; initializing
17 silly cache afterAdd dropline@0.1.1
18 verbose afterAdd /Users/m/.npm/dropline/0.1.1/package/package.json not in flight; writing
19 verbose correctMkdir /Users/m/.npm correctMkdir not in flight; initializing
20 verbose afterAdd /Users/m/.npm/dropline/0.1.1/package/package.json written
21 silly publish { name: 'dropline',
21 silly publish   version: '0.1.1',
21 silly publish   description: 'a line chart with droplines that follow the x-position of the cursor',
21 silly publish   main: 'index.js',
21 silly publish   scripts: { test: 'echo "Error: no test specified" && exit 1' },
21 silly publish   repository:
21 silly publish    { type: 'git',
21 silly publish      url: 'git+https://github.com/micahstubbs/dropline.git' },
21 silly publish   keywords: [ 'dropline', 'line', 'chart', 'd3', 'x' ],
21 silly publish   author:
21 silly publish    { name: '@micahstubbs',
21 silly publish      email: 'micah.stubbs@gmail.com',
21 silly publish      url: 'https://twitter.com/micahstubbs' },
21 silly publish   license: 'GPL-3.0',
21 silly publish   bugs: { url: 'https://github.com/micahstubbs/dropline/issues' },
21 silly publish   homepage: 'https://github.com/micahstubbs/dropline#readme',
21 silly publish   dependencies: { d3: '^3.5.17' },
21 silly publish   readme: '## dropline\n\nthe #d3js bl.ock [ES2015 X-Value Mouseover with Droplines](http://bl.ocks.org/micahstubbs/d66a1662fd64a08051dc473f0d1f956e) packaged up as an node module.  a learning exercise for me that just might be useful to the wider world.\n\nthe `data` parameter to `dropline.plot()` should be an array of objects that each have a `date` and `value` property.\n\n#### example  \n\n\ninstall `dropline` from the terminal:  \n\n\n```\n$ npm i dropline d3 --save\n```\n\nthen, in your project:\n\n```\nimport dropline from \'dropline\';\n\ndocument.body.innerHTML += \'<div id="vis"></div>\';\n\nconst data = [\n  { date: \'1-May-12\', value: 582.13 },\n  { date: \'30-Apr-12\', value: 583.98 },\n  { date: \'27-Apr-12\', value: 603.00 },\n  { date: \'26-Apr-12\', value: 607.70 }\n];\n\ndropline.plot(\'#vis\', data);\n```\n\n![dropline-3](http://i.giphy.com/3o6Zt38IvnsZFnDPMY.gif)',
21 silly publish   readmeFilename: 'README.md',
21 silly publish   gitHead: 'd16143232bb421b751a9057f6a54d535231be0a9',
21 silly publish   _id: 'dropline@0.1.1',
21 silly publish   _shasum: '234745bd01ee5e368788e54c08006212b1db08e7',
21 silly publish   _from: '.' }
22 verbose getPublishConfig undefined
23 silly mapToRegistry name dropline
24 silly mapToRegistry using default registry
25 silly mapToRegistry registry https://registry.npmjs.org/
26 silly mapToRegistry data Result {
26 silly mapToRegistry   raw: 'dropline',
26 silly mapToRegistry   scope: null,
26 silly mapToRegistry   name: 'dropline',
26 silly mapToRegistry   rawSpec: '',
26 silly mapToRegistry   spec: 'latest',
26 silly mapToRegistry   type: 'tag' }
27 silly mapToRegistry uri https://registry.npmjs.org/dropline
28 verbose publish registryBase https://registry.npmjs.org/
29 silly publish uploading /Users/m/.npm/dropline/0.1.1/package.tgz
30 verbose request uri https://registry.npmjs.org/dropline
31 verbose request sending authorization for write operation
32 info attempt registry request try #1 at 5:59:53 PM
33 verbose request using bearer token for auth
34 verbose request id f030ebc933206d5a
35 http request PUT https://registry.npmjs.org/dropline
36 http 403 https://registry.npmjs.org/dropline
37 verbose headers { 'content-type': 'application/json',
37 verbose headers   'cache-control': 'max-age=300',
37 verbose headers   'content-length': '95',
37 verbose headers   'accept-ranges': 'bytes',
37 verbose headers   date: 'Thu, 07 Jul 2016 00:59:54 GMT',
37 verbose headers   via: '1.1 varnish',
37 verbose headers   connection: 'keep-alive',
37 verbose headers   'x-served-by': 'cache-sea1920-SEA',
37 verbose headers   'x-cache': 'MISS',
37 verbose headers   'x-cache-hits': '0',
37 verbose headers   'x-timer': 'S1467853194.115158,VS0,VE75',
37 verbose headers   vary: 'Accept-Encoding' }
38 verbose request invalidating /Users/m/.npm/registry.npmjs.org/dropline on PUT
39 error publish Failed PUT 403
40 verbose stack Error: "You cannot publish over the previously published version 0.1.1." : dropline
40 verbose stack     at makeError (/usr/local/lib/node_modules/npm/node_modules/npm-registry-client/lib/request.js:264:12)
40 verbose stack     at CachingRegistryClient.<anonymous> (/usr/local/lib/node_modules/npm/node_modules/npm-registry-client/lib/request.js:252:14)
40 verbose stack     at Request._callback (/usr/local/lib/node_modules/npm/node_modules/npm-registry-client/lib/request.js:172:14)
40 verbose stack     at Request.self.callback (/usr/local/lib/node_modules/npm/node_modules/request/request.js:199:22)
40 verbose stack     at emitTwo (events.js:106:13)
40 verbose stack     at Request.emit (events.js:191:7)
40 verbose stack     at Request.<anonymous> (/usr/local/lib/node_modules/npm/node_modules/request/request.js:1036:10)
40 verbose stack     at emitOne (events.js:101:20)
40 verbose stack     at Request.emit (events.js:188:7)
40 verbose stack     at IncomingMessage.<anonymous> (/usr/local/lib/node_modules/npm/node_modules/request/request.js:963:12)
41 verbose statusCode 403
42 verbose pkgid dropline
43 verbose cwd /Users/m/workspace/dropline
44 error Darwin 15.6.0
45 error argv "/usr/local/bin/node" "/usr/local/bin/npm" "publish"
46 error node v6.0.0
47 error npm  v3.8.6
48 error code E403
49 error "You cannot publish over the previously published version 0.1.1." : dropline
50 error If you need help, you may report this error at:
50 error     <https://github.com/npm/npm/issues>
51 verbose exit [ 1, true ]
